#
# There is insufficient memory for the Java Runtime Environment to continue.
# Native memory allocation (mmap) failed to map 2097152 bytes for G1 virtual space
# Possible reasons:
#   The system is out of physical RAM or swap space
#   The process is running with CompressedOops enabled, and the Java Heap may be blocking the growth of the native heap
# Possible solutions:
#   Reduce memory load on the system
#   Increase physical memory or swap space
#   Check if swap backing store is full
#   Decrease Java heap size (-Xmx/-Xms)
#   Decrease number of Java threads
#   Decrease Java thread stack sizes (-Xss)
#   Set larger code cache with -XX:ReservedCodeCacheSize=
#   JVM is running with Unscaled Compressed Oops mode in which the Java heap is
#     placed in the first 4GB address space. The Java Heap base address is the
#     maximum limit for the native heap growth. Please use -XX:HeapBaseMinAddress
#     to set the Java Heap base and to place the Java Heap above 4GB virtual address.
# This output file may be truncated or incomplete.
#
#  Out of Memory Error (os_windows.cpp:3535), pid=15168, tid=5972
#
# JRE version:  (17.0.3+8) (build )
# Java VM: Java HotSpot(TM) 64-Bit Server VM (17.0.3+8-LTS-111, mixed mode, sharing, tiered, compressed oops, compressed class ptrs, g1 gc, windows-amd64)
# No core dump will be written. Minidumps are not enabled by default on client versions of Windows
#

---------------  S U M M A R Y ------------

Command Line: -javaagent:C:\Program Files\JetBrains\IntelliJ IDEA Community Edition 2022.3.3\lib\idea_rt.jar=57011:C:\Program Files\JetBrains\IntelliJ IDEA Community Edition 2022.3.3\bin -Dfile.encoding=UTF-8 be.iccbxl.pid.reservationsSpringboot.ReservationsSpringbootApplication

Host: Intel(R) Core(TM) i5-6300U CPU @ 2.40GHz, 4 cores, 7G,  Windows 10 , 64 bit Build 19041 (10.0.19041.4597)
Time: Thu Jul 25 19:55:02 2024 Paris, Madrid (heure duild 19041 (10.0.19041.4597) elapsed time: 0.274336 seconds (0d 0h 0m 0s)

---------------  T H R E A D  ---------------

Current thread (0x0000026f03a94390):  JavaThread "Unknown thread" [_thread_in_vm, id=5972, stack(0x000000c893100000,0x000000c893200000)]

Stack: [0x000000c893100000,0x000000c893200000]
Native frames: (J=compiled Java code, j=interpreted, Vv=VM code, C=native code)
V  [jvm.dll+0x6711ba]
V  [jvm.dll+0x7d0834]
V  [jvm.dll+0x7d1fde]
V  [jvm.dll+0x7d2643]
V  [jvm.dll+0x242c85]
V  [jvm.dll+0x66e0d9]
V  [jvm.dll+0x662a22]
V  [jvm.dll+0x300ddb]
V  [jvm.dll+0x308376]
V  [jvm.dll+0x357f93]
V  [jvm.dll+0x3581af]
V  [jvm.dll+0x2d7ff8]
V  [jvm.dll+0x2d8f64]
V  [jvm.dll+0x7a2411]
V  [jvm.dll+0x365d01]
V  [jvm.dll+0x78187c]
V  [jvm.dll+0x3e873f]
V  [jvm.dll+0x3ea1e1]
C  [jli.dll+0x527b]
C  [ucrtbase.dll+0x21bb2]
C  [KERNEL32.DLL+0x17374]
C  [ntdll.dll+0x4cc91]


---------------  P R O C E S S  ---------------

Threads class SMR info:
_java_thread_list=0x00007ffce6db9858, length=0, elements={
}

Java Threads: ( => current thread )

Other Threads:
  0x0000026f03aed950 GCTaskThread "GC Thread#0" [stack: 0x000000c893200000,0x000000c893300000] [id=20244]
  0x0000026f03aff520 ConcurrentGCThread "G1 Main Marker" [stack: 0x000000c893300000,0x000000c893400000] [id=20308]
  0x0000026f03afff30 ConcurrentGCThread "G1 Conc#0" [stack: 0x000000c893400000,0x000000c893500000] [id=21756]

[error occurred during error reporting (printing all threads), id 0xc0000005, EXCEPTION_ACCESS_VIOLATION (0xc0000005) at pc=0x00007ffce66089e7]

VM state: not at safepoint (not fully initialized)

VM Mutex/Monitor currently owned by a thread:  ([mutex/lock_event])
[0x0000026f03a8f890] Heap_lock - owner thread: 0x0000026f03a94390

Heap address: 0x0000000081c00000, size: 2020 MB, Compressed Oops mode: 32-bit

CDS archive(s) mapped at: [0x0000000000000000-0x0000000000000000-0x0000000000000000), size 0, SharedBaseAddress: 0x0000000800000000, ArchiveRelocationMode: 0.
Narrow klass base: 0x0000000000000000, Narrow klass shift: 0, Narrow klass range: 0x0

GC Precious Log:
<Empty>

Heap:
 garbage-first heap   total 0K, used 0K [0x0000000081c00000, 0x0000000100000000)
  region size 1024K, 0 young (0K), 0 survivors (0K)

[error occurred during error reporting (printing heap information), id 0xc0000005, EXCEPTION_ACCESS_VIOLATION (0xc0000005) at pc=0x00007ffce69ea629]

GC Heap History (0 events):
No events

Deoptimization events (0 events):
No events

Classes unloaded (0 events):
No events

Classes redefined (0 events):
No events

Internal exceptions (0 events):
No events

VM Operations (0 events):
No events

Events (1 events):
Event: 0.155 Loaded shared library C:\Program Files\Java\jdk-17.0.3\bin\java.dll


Dynamic libraries:
0x00007ff6c96f0000 - 0x00007ff6c9700000 	C:\Program Files\Java\jdk-17.0.3\bin\java.exe
0x00007ffd42af0000 - 0x00007ffd42ce8000 	C:\Windows\SYSTEM32\ntdll.dll
0x00007ffd429e0000 - 0x00007ffd42aa1000 	C:\Windows\System32\KERNEL32.DLL
0x00007ffd407f0000 - 0x00007ffd40ae6000 	C:\Windows\System32\KERNELBASE.dll
0x00007ffd40580000 - 0x00007ffd40680000 	C:\Windows\System32\ucrtbase.dll
0x00007ffd1bd60000 - 0x00007ffd1bd78000 	C:\Program Files\Java\jdk-17.0.3\bin\jli.dll
0x00007ffd41560000 - 0x00007ffd41610000 	C:\Windows\System32\ADVAPI32.dll
0x00007ffd1b540000 - 0x00007ffd1b55a000 	C:\Program Files\Java\jdk-17.0.3\bin\VCRUNTIME140.dll
0x00007ffd41610000 - 0x00007ffd416ae000 	C:\Windows\System32\msvcrt.dll
0x00007ffd41460000 - 0x00007ffd41500000 	C:\Windows\System32\sechost.dll
0x00007ffd41a10000 - 0x00007ffd41b33000 	C:\Windows\System32\RPCRT4.dll
0x00007ffd401a0000 - 0x00007ffd401c7000 	C:\Windows\System32\bcrypt.dll
0x00007ffd427e0000 - 0x00007ffd4297f000 	C:\Windows\System32\USER32.dll
0x00007ffd40af0000 - 0x00007ffd40b12000 	C:\Windows\System32\win32u.dll
0x00007ffd40f50000 - 0x00007ffd40f7b000 	C:\Windows\System32\GDI32.dll
0x00007ffd40680000 - 0x00007ffd40797000 	C:\Windows\System32\gdi32full.dll
0x00007ffd404e0000 - 0x00007ffd4057d000 	C:\Windows\System32\msvcp_win.dll
0x00007ffd286d0000 - 0x00007ffd2896a000 	C:\Windows\WinSxS\amd64_microsoft.windows.common-controls_6595b64144ccf1df_6.0.19041.4355_none_60b8b9eb71f62e16\COMCTL32.dll
0x00007ffd3b080000 - 0x00007ffd3b08a000 	C:\Windows\SYSTEM32\VERSION.dll
0x00007ffd418c0000 - 0x00007ffd418ef000 	C:\Windows\System32\IMM32.DLL
0x00007ffd21f70000 - 0x00007ffd21f7c000 	C:\Program Files\Java\jdk-17.0.3\bin\vcruntime140_1.dll
0x00007ffcfec30000 - 0x00007ffcfecbd000 	C:\Program Files\Java\jdk-17.0.3\bin\msvcp140.dll
0x00007ffce6320000 - 0x00007ffce6ee1000 	C:\Program Files\Java\jdk-17.0.3\bin\server\jvm.dll
0x00007ffd40d70000 - 0x00007ffd40d78000 	C:\Windows\System32\PSAPI.DLL
0x00007ffd23b80000 - 0x00007ffd23b89000 	C:\Windows\SYSTEM32\WSOCK32.dll
0x00007ffd416b0000 - 0x00007ffd4171b000 	C:\Windows\System32\WS2_32.dll
0x00007ffd23af0000 - 0x00007ffd23b17000 	C:\Windows\SYSTEM32\WINMM.dll
0x00007ffd3e020000 - 0x00007ffd3e032000 	C:\Windows\SYSTEM32\kernel.appcore.dll
0x00007ffd1e9b0000 - 0x00007ffd1e9ba000 	C:\Program Files\Java\jdk-17.0.3\bin\jimage.dll
0x00007ffd3a1e0000 - 0x00007ffd3a3c4000 	C:\Windows\SYSTEM32\DBGHELP.DLL
0x00007ffd3a4d0000 - 0x00007ffd3a504000 	C:\Windows\SYSTEM32\dbgcore.DLL
0x00007ffd401d0000 - 0x00007ffd40252000 	C:\Windows\System32\bcryptPrimitives.dll
0x00007ffd38fb0000 - 0x00007ffd38fbe000 	C:\Program Files\Java\jdk-17.0.3\bin\instrument.dll
0x00007ffd1b340000 - 0x00007ffd1b365000 	C:\Program Files\Java\jdk-17.0.3\bin\java.dll

dbghelp: loaded successfully - version: 4.0.5 - missing functions: none
symbol engine: initialized successfully - sym options: 0x614 - pdb path: .;C:\Program Files\Java\jdk-17.0.3\bin;C:\Windows\SYSTEM32;C:\Windows\WinSxS\amd64_microsoft.windows.common-controls_6595b64144ccf1df_6.0.19041.4355_none_60b8b9eb71f62e16;C:\Program Files\Java\jdk-17.0.3\bin\server

VM Arguments:
jvm_args: -javaagent:C:\Program Files\JetBrains\IntelliJ IDEA Community Edition 2022.3.3\lib\idea_rt.jar=57011:C:\Program Files\JetBrains\IntelliJ IDEA Community Edition 2022.3.3\bin -Dfile.encoding=UTF-8 
java_command: be.iccbxl.pid.reservationsSpringboot.ReservationsSpringbootApplication
java_class_path (initial): C:\Users\User\OneDrive\Bureau\Projet-Reservations\target\classes;C:\Users\User\.m2\repository\org\springframework\boot\spring-boot-starter-mail\3.2.2\spring-boot-starter-mail-3.2.2.jar;C:\Users\User\.m2\repository\org\springframework\boot\spring-boot-starter\3.2.2\spring-boot-starter-3.2.2.jar;C:\Users\User\.m2\repository\org\springframework\boot\spring-boot\3.2.2\spring-boot-3.2.2.jar;C:\Users\User\.m2\repository\org\springframework\boot\spring-boot-autoconfigure\3.2.2\spring-boot-autoconfigure-3.2.2.jar;C:\Users\User\.m2\repository\org\springframework\boot\spring-boot-starter-logging\3.2.2\spring-boot-starter-logging-3.2.2.jar;C:\Users\User\.m2\repository\ch\qos\logback\logback-classic\1.4.14\logback-classic-1.4.14.jar;C:\Users\User\.m2\repository\ch\qos\logback\logback-core\1.4.14\logback-core-1.4.14.jar;C:\Users\User\.m2\repository\org\apache\logging\log4j\log4j-to-slf4j\2.21.1\log4j-to-slf4j-2.21.1.jar;C:\Users\User\.m2\repository\org\apache\logging\log4j\log4j-api\2.21.1\log4j-api-2.21.1.jar;C:\Users\User\.m2\repository\org\slf4j\jul-to-slf4j\2.0.11\jul-to-slf4j-2.0.11.jar;C:\Users\User\.m2\repository\jakarta\annotation\jakarta.annotation-api\2.1.1\jakarta.annotation-api-2.1.1.jar;C:\Users\User\.m2\repository\org\yaml\snakeyaml\2.2\snakeyaml-2.2.jar;C:\Users\User\.m2\repository\org\springframework\spring-context-support\6.1.3\spring-context-support-6.1.3.jar;C:\Users\User\.m2\repository\org\springframework\spring-beans\6.1.3\spring-beans-6.1.3.jar;C:\Users\User\.m2\repository\org\springframework\spring-context\6.1.3\spring-context-6.1.3.jar;C:\Users\User\.m2\repository\org\eclipse\angus\jakarta.mail\2.0.2\jakarta.mail-2.0.2.jar;C:\Users\User\.m2\repository\jakarta\activation\jakarta.activation-api\2.1.2\jakarta.activation-api-2.1.2.jar;C:\Users\User\.m2\repository\org\eclipse\angus\angus-activation\2.0.1\angus-activation-2.0.1.jar;C:\Users\User\.m2\repository\com\stripe\stripe-java\20.50.0\stripe-java-20.50.0.jar;C:\Users\User\.m2\
Launcher Type: SUN_STANDARD

[Global flags]
     intx CICompilerCount                          = 3                                         {product} {ergonomic}
     uint ConcGCThreads                            = 1                                         {product} {ergonomic}
     uint G1ConcRefinementThreads                  = 4                                         {product} {ergonomic}
   size_t G1HeapRegionSize                         = 1048576                                   {product} {ergonomic}
    uintx GCDrainStackTargetSize                   = 64                                        {product} {ergonomic}
   size_t InitialHeapSize                          = 134217728                                 {product} {ergonomic}
   size_t MarkStackSize                            = 4194304                                   {product} {ergonomic}
   size_t MaxHeapSize                              = 2118123520                                {product} {ergonomic}
   size_t MinHeapDeltaBytes                        = 1048576                                   {product} {ergonomic}
   size_t MinHeapSize                              = 8388608                                   {product} {ergonomic}
    uintx NonNMethodCodeHeapSize                   = 5832780                                {pd product} {ergonomic}
    uintx NonProfiledCodeHeapSize                  = 122912730                              {pd product} {ergonomic}
    uintx ProfiledCodeHeapSize                     = 122912730                              {pd product} {ergonomic}
    uintx ReservedCodeCacheSize                    = 251658240                              {pd product} {ergonomic}
     bool SegmentedCodeCache                       = true                                      {product} {ergonomic}
   size_t SoftMaxHeapSize                          = 2118123520                             {manageable} {ergonomic}
     bool UseCompressedClassPointers               = true                           {product lp64_product} {ergonomic}
     bool UseCompressedOops                        = true                           {product lp64_product} {ergonomic}
     bool UseG1GC                                  = true                                      {product} {ergonomic}
     bool UseLargePagesIndividualAllocation        = false                                  {pd product} {ergonomic}

Logging:
Log output configuration:
 #0: stdout all=warning uptime,level,tags
 #1: stderr all=off uptime,level,tags

Environment Variables:
JAVA_HOME=C:\Program Files\Java\jdk-17.0.3\
PATH=C:\Program Files\Common Files\Oracle\Java\javapath;C:\Program Files (x86)\Common Files\Oracle\Java\javapath;C:\Windows\system32;C:\Windows;C:\Windows\System32\Wbem;C:\Windows\System32\WindowsPowerShell\v1.0\;C:\Windows\System32\OpenSSH\;C:\Program Files\Git\cmd;C:\Program Files\nodejs\;C:\wamp\bin\php;C:\wamp\bin\php\php5.5.12;C:\ProgramData\ComposerSetup\bin;C:\Users\User\AppData\Local\Programs\Python\Python311\Scripts\;C:\Users\User\AppData\Local\Programs\Python\Python311\;C:\Users\User\AppData\Local\Microsoft\WindowsApps;C:\Users\User\AppData\Local\Programs\Microsoft VS Code\bin;C:\Users\User\AppData\Roaming\npm;C:\Program Files\php;C:\Users\User\AppData\Roaming\Composer\vendor\bin;C:\Program Files\JetBrains\IntelliJ IDEA 2023.2.3\bin;
USERNAME=User
OS=Windows_NT
PROCESSOR_IDENTIFIER=Intel64 Family 6 Model 78 Stepping 3, GenuineIntel



---------------  S Y S T E M  ---------------

OS:
 Windows 10 , 64 bit Build 19041 (10.0.19041.4597)
OS uptime: 9 days 3:41 hours

CPU: total 4 (initial active 4) (2 cores per cpu, 2 threads per core) family 6 model 78 stepping 3 microcode 0xcc, cx8, cmov, fxsr, ht, mmx, 3dnowpref, sse, sse2, sse3, ssse3, sse4.1, sse4.2, popcnt, lzcnt, tsc, tscinvbit, avx, avx2, aes, erms, clmul, bmi1, bmi2, rtm, adx, fma, vzeroupper, clflush, clflushopt

Memory: 4k page, system-wide physical 8072M (247M free)
TotalPageFile size 32648M (AvailPageFile size 1M)
current process WorkingSet (physical memory assigned to process): 10M, peak: 10M
current process commit charge ("private bytes"): 180M, peak: 182M

vm_info: Java HotSpot(TM) 64-Bit Server VM (17.0.3+8-LTS-111) for windows-amd64 JRE (17.0.3+8-LTS-111), built on Mar  9 2022 22:40:21 by "mach5one" with MS VC++ 16.8 / 16.9 (VS2019)

END.
